==00:00:00:00.000 39504== Cachegrind, a cache and branch-prediction profiler
==00:00:00:00.000 39504== Copyright (C) 2002-2015, and GNU GPL'd, by Nicholas Nethercote et al.
==00:00:00:00.000 39504== Using Valgrind-3.11.0 and LibVEX; rerun with -h for copyright info
==00:00:00:00.000 39504== Command: bin/verlet-magic
==00:00:00:00.000 39504== Parent PID: 31944
==00:00:00:00.000 39504== 
--00:00:00:00.000 39504-- 
--00:00:00:00.000 39504-- Valgrind options:
--00:00:00:00.000 39504--    --verbose
--00:00:00:00.000 39504--    --track-fds=yes
--00:00:00:00.000 39504--    --time-stamp=yes
--00:00:00:00.000 39504--    --error-markers=BEGIN,END
--00:00:00:00.000 39504--    --log-file=%p.log
--00:00:00:00.000 39504--    --tool=cachegrind
--00:00:00:00.000 39504-- Output from sysctl({CTL_KERN,KERN_VERSION}):
--00:00:00:00.000 39504--   Darwin Kernel Version 15.3.0: Thu Dec 10 18:40:58 PST 2015; root:xnu-3248.30.4~1/RELEASE_X86_64
--00:00:00:00.000 39504-- Arch and hwcaps: AMD64, LittleEndian, amd64-cx16-rdtscp-sse3-avx
--00:00:00:00.000 39504-- Page sizes: currently 4096, max supported 4096
--00:00:00:00.000 39504-- Valgrind library directory: /usr/local/lib/valgrind
--00:00:00:00.000 39504-- warning: L3 cache found, using its data for the LL simulation.
==00:00:00:00.000 39504== Cache configuration used:
==00:00:00:00.000 39504==   I1: 32,768 B, 8-way, 64 B lines
==00:00:00:00.000 39504==   D1: 32,768 B, 8-way, 64 B lines
==00:00:00:00.000 39504==   LL: 3,145,728 B, 12-way, 64 B lines
--00:00:00:00.004 39504-- bin/verlet-magic (rx at 0x100000000, rw at 0x10000a000)
--00:00:00:00.004 39504--    reading syms   from primary file (18 665)
--00:00:00:00.004 39504--    dSYM= bin/verlet-magic.dSYM/Contents/Resources/DWARF/verlet-magic
--00:00:00:00.005 39504--    reading dwarf3 from dsyms file
--00:00:00:00.005 39504-- /usr/lib/dyld (rx at 0x7fff5fc00000, rw at 0x7fff5fc38000)
--00:00:00:00.005 39504--    reading syms   from primary file (6 1226)
--00:00:00:00.006 39504-- Scheduler: using generic scheduler lock implementation.
==00:00:00:00.011 39504== embedded gdbserver: reading from /var/folders/b4/ygsdh65x4k3_33s2vmzzf_wnclsz5p/T//vgdb-pipe-from-vgdb-to-39504-by-snnambia-on-???
==00:00:00:00.011 39504== embedded gdbserver: writing to   /var/folders/b4/ygsdh65x4k3_33s2vmzzf_wnclsz5p/T//vgdb-pipe-to-vgdb-from-39504-by-snnambia-on-???
==00:00:00:00.011 39504== embedded gdbserver: shared mem   /var/folders/b4/ygsdh65x4k3_33s2vmzzf_wnclsz5p/T//vgdb-pipe-shared-mem-vgdb-39504-by-snnambia-on-???
==00:00:00:00.011 39504== 
==00:00:00:00.011 39504== TO CONTROL THIS PROCESS USING vgdb (which you probably
==00:00:00:00.011 39504== don't want to do, unless you know exactly what you're doing,
==00:00:00:00.011 39504== or are doing some strange experiment):
==00:00:00:00.011 39504==   /usr/local/lib/valgrind/../../bin/vgdb --pid=39504 ...command...
==00:00:00:00.011 39504== 
==00:00:00:00.011 39504== TO DEBUG THIS PROCESS USING GDB: start GDB like this
==00:00:00:00.011 39504==   /path/to/gdb bin/verlet-magic
==00:00:00:00.011 39504== and then give GDB the following command
==00:00:00:00.011 39504==   target remote | /usr/local/lib/valgrind/../../bin/vgdb --pid=39504
==00:00:00:00.011 39504== --pid is optional if only one valgrind process is running
==00:00:00:00.011 39504== 
--00:00:00:00.089 39504-- /usr/local/lib/valgrind/vgpreload_core-amd64-darwin.so (rx at 0x100014000, rw at 0x100016000)
--00:00:00:00.089 39504--    reading syms   from primary file (3 42)
--00:00:00:00.089 39504--    dSYM= /usr/local/lib/valgrind/vgpreload_core-amd64-darwin.so.dSYM/Contents/Resources/DWARF/vgpreload_core-amd64-darwin.so
--00:00:00:00.089 39504--    reading dwarf3 from dsyms file
--00:00:00:00.105 39504-- /usr/local/lib/libSDL2-2.0.0.dylib (rx at 0x100018000, rw at 0x1000eb000)
--00:00:00:00.105 39504--    reading syms   from primary file (548 15539)
--00:00:00:00.116 39504-- /usr/local/lib/libSDL2_gfx-1.0.0.dylib (rx at 0x10016e000, rw at 0x1001c4000)
--00:00:00:00.116 39504--    reading syms   from primary file (142 616)
--00:00:00:00.117 39504-- /usr/local/lib/libSDL2_image-2.0.0.dylib (rx at 0x1001cd000, rw at 0x1001da000)
--00:00:00:00.117 39504--    reading syms   from primary file (51 394)
--00:00:00:00.118 39504-- /usr/local/lib/libSDL2_mixer-2.0.0.dylib (rx at 0x1001e0000, rw at 0x1001f9000)
--00:00:00:00.118 39504--    reading syms   from primary file (73 1386)
--00:00:00:00.119 39504-- /usr/local/lib/libSDL2_net-2.0.0.dylib (rx at 0x100231000, rw at 0x100234000)
--00:00:00:00.119 39504--    reading syms   from primary file (40 184)
--00:00:00:00.120 39504-- /usr/local/lib/libSDL2_ttf-2.0.0.dylib (rx at 0x100238000, rw at 0x10023d000)
--00:00:00:00.120 39504--    reading syms   from primary file (48 220)
--00:00:00:00.124 39504-- /usr/lib/libSystem.B.dylib (rx at 0x100241000, rw at 0x100243000)
--00:00:00:00.124 39504--    reading syms   from primary file (31 5)
--00:00:00:00.126 39504-- /usr/lib/libc++.1.dylib (rx at 0x100248000, rw at 0x10029c000)
--00:00:00:00.126 39504--    reading syms   from primary file (1960 1590)
--00:00:00:00.133 39504-- /usr/lib/libiconv.2.dylib (rx at 0x1002f8000, rw at 0x1003eb000)
--00:00:00:00.133 39504--    reading syms   from primary file (17 997)
--00:00:00:00.135 39504-- /usr/lib/libobjc.A.dylib (rx at 0x1003fa000, rw at 0x100766000)
--00:00:00:00.135 39504--    reading syms   from primary file (347 935)
--00:00:00:00.138 39504-- /System/Library/Frameworks/ForceFeedback.framework/Versions/A/ForceFeedback (rx at 0x100846000, rw at 0x100849000)
--00:00:00:00.138 39504--    reading syms   from primary file (20 6)
--00:00:00:00.140 39504-- /System/Library/Frameworks/CoreVideo.framework/Versions/A/CoreVideo (rx at 0x10084e000, rw at 0x100883000)
--00:00:00:00.140 39504--    reading syms   from primary file (313 1025)
--00:00:00:00.144 39504-- /System/Library/Frameworks/IOKit.framework/Versions/A/IOKit (rx at 0x1008b1000, rw at 0x100926000)
--00:00:00:00.144 39504--    reading syms   from primary file (1475 742)
--00:00:00:00.147 39504-- /System/Library/Frameworks/CoreAudio.framework/Versions/A/CoreAudio (rx at 0x10095f000, rw at 0x1009b1000)
--00:00:00:00.147 39504--    reading syms   from primary file (67 1612)
--00:00:00:00.150 39504-- /System/Library/Frameworks/AudioToolbox.framework/Versions/A/AudioToolbox (rx at 0x1009d7000, rw at 0x100b7e000)
--00:00:00:00.150 39504--    reading syms   from primary file (791 10405)
--00:00:00:00.165 39504-- /System/Library/Frameworks/AppKit.framework/Versions/C/AppKit (rx at 0x100c79000, rw at 0x10189d000)
--00:00:00:00.165 39504--    reading syms   from primary file (6350 67119)
--00:00:00:00.235 39504-- /System/Library/Frameworks/CoreFoundation.framework/Versions/A/CoreFoundation (rx at 0x102144000, rw at 0x1025bb000)
--00:00:00:00.235 39504--    reading syms   from primary file (2653 7424)
--00:00:00:00.244 39504-- /System/Library/Frameworks/CoreGraphics.framework/Versions/A/CoreGraphics (rx at 0x102839000, rw at 0x103aa5000)
--00:00:00:00.244 39504--    reading syms   from primary file (3274 10171)
--00:00:00:00.256 39504-- /System/Library/Frameworks/Foundation.framework/Versions/C/Foundation (rx at 0x104814000, rw at 0x104b69000)
--00:00:00:00.256 39504--    reading syms   from primary file (2128 20804)
--00:00:00:00.276 39504-- /usr/lib/system/libcache.dylib (rx at 0x103be1000, rw at 0x103be6000)
--00:00:00:00.276 39504--    reading syms   from primary file (32 30)
--00:00:00:00.278 39504-- /usr/lib/system/libcommonCrypto.dylib (rx at 0x103beb000, rw at 0x103bf7000)
--00:00:00:00.278 39504--    reading syms   from primary file (214 188)
--00:00:00:00.280 39504-- /usr/lib/system/libcompiler_rt.dylib (rx at 0x103c04000, rw at 0x103c0c000)
--00:00:00:00.280 39504--    reading syms   from primary file (510 8)
--00:00:00:00.282 39504-- /usr/lib/system/libcopyfile.dylib (rx at 0x103c19000, rw at 0x103c22000)
--00:00:00:00.282 39504--    reading syms   from primary file (13 35)
--00:00:00:00.284 39504-- /usr/lib/system/libcorecrypto.dylib (rx at 0x103c28000, rw at 0x103ca0000)
--00:00:00:00.284 39504--    reading syms   from primary file (430 601)
--00:00:00:00.287 39504-- /usr/lib/system/libdispatch.dylib (rx at 0x103cb8000, rw at 0x103ce6000)
--00:00:00:00.287 39504--    reading syms   from primary file (215 832)
--00:00:00:00.289 39504-- /usr/lib/system/libdyld.dylib (rx at 0x103d0f000, rw at 0x103d13000)
--00:00:00:00.290 39504--    reading syms   from primary file (80 109)
--00:00:00:00.292 39504-- /usr/lib/system/libkeymgr.dylib (rx at 0x103d1a000, rw at 0x103d1b000)
--00:00:00:00.292 39504--    reading syms   from primary file (12 3)
--00:00:00:00.295 39504-- /usr/lib/system/libmacho.dylib (rx at 0x103d26000, rw at 0x103d2c000)
--00:00:00:00.295 39504--    reading syms   from primary file (97 1)
--00:00:00:00.297 39504-- /usr/lib/system/libquarantine.dylib (rx at 0x103d32000, rw at 0x103d35000)
--00:00:00:00.297 39504--    reading syms   from primary file (67 32)
--00:00:00:00.299 39504-- /usr/lib/system/libremovefile.dylib (rx at 0x103d3b000, rw at 0x103d3d000)
--00:00:00:00.299 39504--    reading syms   from primary file (15 4)
--00:00:00:00.301 39504-- /usr/lib/system/libsystem_asl.dylib (rx at 0x103d42000, rw at 0x103d5a000)
--00:00:00:00.302 39504--    reading syms   from primary file (222 225)
--00:00:00:00.304 39504-- /usr/lib/system/libsystem_blocks.dylib (rx at 0x103d67000, rw at 0x103d69000)
--00:00:00:00.304 39504--    reading syms   from primary file (25 22)
--00:00:00:00.306 39504-- /usr/lib/system/libsystem_c.dylib (rx at 0x103d6d000, rw at 0x103dfb000)
--00:00:00:00.306 39504--    reading syms   from primary file (1303 748)
--00:00:00:00.310 39504-- /usr/lib/system/libsystem_configuration.dylib (rx at 0x103e26000, rw at 0x103e29000)
--00:00:00:00.310 39504--    reading syms   from primary file (28 57)
--00:00:00:00.312 39504-- /usr/lib/system/libsystem_coreservices.dylib (rx at 0x103e2f000, rw at 0x103e32000)
--00:00:00:00.312 39504--    reading syms   from primary file (13 30)
--00:00:00:00.314 39504-- /usr/lib/system/libsystem_coretls.dylib (rx at 0x103e37000, rw at 0x103e4e000)
--00:00:00:00.314 39504--    reading syms   from primary file (118 257)
--00:00:00:00.317 39504-- /usr/lib/system/libsystem_dnssd.dylib (rx at 0x103e59000, rw at 0x103e62000)
--00:00:00:00.317 39504--    reading syms   from primary file (68 33)
--00:00:00:00.319 39504-- /usr/lib/system/libsystem_info.dylib (rx at 0x103e68000, rw at 0x103e92000)
--00:00:00:00.319 39504--    reading syms   from primary file (526 527)
--00:00:00:00.322 39504-- /usr/lib/system/libsystem_kernel.dylib (rx at 0x103ea7000, rw at 0x103ec6000)
--00:00:00:00.322 39504--    reading syms   from primary file (1054 83)
--00:00:00:00.326 39504-- /usr/lib/system/libsystem_m.dylib (rx at 0x103edb000, rw at 0x103f0b000)
--00:00:00:00.326 39504--    reading syms   from primary file (593 1)
--00:00:00:00.329 39504-- /usr/lib/system/libsystem_malloc.dylib (rx at 0x103f17000, rw at 0x103f34000)
--00:00:00:00.329 39504--    reading syms   from primary file (102 201)
--00:00:00:00.331 39504-- /usr/lib/system/libsystem_network.dylib (rx at 0x103f3d000, rw at 0x103f9f000)
--00:00:00:00.331 39504--    reading syms   from primary file (672 1972)
--00:00:00:00.335 39504-- /usr/lib/system/libsystem_networkextension.dylib (rx at 0x103fd5000, rw at 0x103fde000)
--00:00:00:00.335 39504--    reading syms   from primary file (82 235)
--00:00:00:00.338 39504-- /usr/lib/system/libsystem_notify.dylib (rx at 0x103fe9000, rw at 0x103ff3000)
--00:00:00:00.338 39504--    reading syms   from primary file (136 53)
--00:00:00:00.340 39504-- /usr/lib/system/libsystem_platform.dylib (rx at 0x103ffb000, rw at 0x104004000)
--00:00:00:00.340 39504--    reading syms   from primary file (142 158)
--00:00:00:00.343 39504-- /usr/lib/system/libsystem_pthread.dylib (rx at 0x104df6000, rw at 0x104e00000)
--00:00:00:00.343 39504--    reading syms   from primary file (163 70)
--00:00:00:00.345 39504-- /usr/lib/system/libsystem_sandbox.dylib (rx at 0x104e0d000, rw at 0x104e11000)
--00:00:00:00.345 39504--    reading syms   from primary file (79 7)
--00:00:00:00.348 39504-- /usr/lib/system/libsystem_secinit.dylib (rx at 0x10400c000, rw at 0x10400e000)
--00:00:00:00.348 39504--    reading syms   from primary file (3 6)
--00:00:00:00.350 39504-- /usr/lib/system/libsystem_trace.dylib (rx at 0x104e17000, rw at 0x104e29000)
--00:00:00:00.350 39504--    reading syms   from primary file (94 351)
--00:00:00:00.355 39504-- /usr/lib/system/libunwind.dylib (rx at 0x104e3b000, rw at 0x104e41000)
--00:00:00:00.355 39504--    reading syms   from primary file (102 52)
--00:00:00:00.357 39504-- /usr/lib/system/libxpc.dylib (rx at 0x104e48000, rw at 0x104e72000)
--00:00:00:00.357 39504--    reading syms   from primary file (503 833)
--00:00:00:00.363 39504-- /usr/lib/libauto.dylib (rx at 0x104e90000, rw at 0x104ed7000)
--00:00:00:00.363 39504--    reading syms   from primary file (68 658)
--00:00:00:00.366 39504-- /usr/lib/libc++abi.dylib (rx at 0x104eec000, rw at 0x104f16000)
--00:00:00:00.366 39504--    reading syms   from primary file (337 181)
--00:00:00:00.369 39504-- /usr/lib/libDiagnosticMessagesClient.dylib (rx at 0x104f24000, rw at 0x104f26000)
--00:00:00:00.369 39504--    reading syms   from primary file (21 14)
--00:00:00:00.376 39504-- /usr/lib/libicucore.A.dylib (rx at 0x104f2b000, rw at 0x105139000)
--00:00:00:00.376 39504--    reading syms   from primary file (6525 1)
--00:00:00:00.426 39504-- /usr/lib/libz.1.dylib (rx at 0x1051ff000, rw at 0x105211000)
--00:00:00:00.426 39504--    reading syms   from primary file (65 1)
--00:00:00:00.431 39504-- /usr/lib/libenergytrace.dylib (rx at 0x105216000, rw at 0x105217000)
--00:00:00:00.431 39504--    reading syms   from primary file (8 1)
--00:00:00:00.434 39504-- /usr/lib/libbsm.0.dylib (rx at 0x10521b000, rw at 0x10522c000)
--00:00:00:00.434 39504--    reading syms   from primary file (175 80)
--00:00:00:00.436 39504-- /usr/lib/system/libkxld.dylib (rx at 0x105235000, rw at 0x105241000)
--00:00:00:00.436 39504--    reading syms   from primary file (7 1)
--00:00:00:00.441 39504-- /System/Library/Frameworks/OpenGL.framework/Versions/A/OpenGL (rx at 0x10524a000, rw at 0x105259000)
--00:00:00:00.441 39504--    reading syms   from primary file (78 1)
--00:00:00:00.444 39504-- /System/Library/Frameworks/IOSurface.framework/Versions/A/IOSurface (rx at 0x105261000, rw at 0x105265000)
--00:00:00:00.444 39504--    reading syms   from primary file (187 35)
--00:00:00:00.448 39504-- /System/Library/Frameworks/CoreText.framework/Versions/A/CoreText (rx at 0x10526e000, rw at 0x10539b000)
--00:00:00:00.448 39504--    reading syms   from primary file (630 5118)
--00:00:00:00.456 39504-- /System/Library/Frameworks/ImageIO.framework/Versions/A/ImageIO (rx at 0x10544d000, rw at 0x105617000)
--00:00:00:00.456 39504--    reading syms   from primary file (590 4670)
--00:00:00:00.462 39504-- /System/Library/Frameworks/ApplicationServices.framework/Versions/A/Frameworks/ATS.framework/Versions/A/ATS (rx at 0x1056b1000, rw at 0x105720000)
--00:00:00:00.462 39504--    reading syms   from primary file (415 1460)
--00:00:00:00.467 39504-- /System/Library/Frameworks/ApplicationServices.framework/Versions/A/Frameworks/ColorSync.framework/Versions/A/ColorSync (rx at 0x10574c000, rw at 0x1057e3000)
--00:00:00:00.467 39504--    reading syms   from primary file (357 2787)
--00:00:00:00.473 39504-- /System/Library/Frameworks/ApplicationServices.framework/Versions/A/Frameworks/HIServices.framework/Versions/A/HIServices (rx at 0x10582b000, rw at 0x105878000)
--00:00:00:00.473 39504--    reading syms   from primary file (517 1247)
--00:00:00:00.477 39504-- /System/Library/Frameworks/ApplicationServices.framework/Versions/A/Frameworks/LangAnalysis.framework/Versions/A/LangAnalysis (rx at 0x1058ae000, rw at 0x1058be000)
--00:00:00:00.477 39504--    reading syms   from primary file (90 273)
--00:00:00:00.481 39504-- /System/Library/Frameworks/ApplicationServices.framework/Versions/A/Frameworks/PrintCore.framework/Versions/A/PrintCore (rx at 0x1058cc000, rw at 0x105919000)
--00:00:00:00.481 39504--    reading syms   from primary file (498 1137)
--00:00:00:00.485 39504-- /System/Library/Frameworks/ApplicationServices.framework/Versions/A/Frameworks/QD.framework/Versions/A/QD (rx at 0x105946000, rw at 0x105981000)
--00:00:00:00.485 39504--    reading syms   from primary file (693 519)
--00:00:00:00.490 39504-- /System/Library/Frameworks/ApplicationServices.framework/Versions/A/Frameworks/SpeechSynthesis.framework/Versions/A/SpeechSynthesis (rx at 0x1059a1000, rw at 0x1059ae000)
--00:00:00:00.490 39504--    reading syms   from primary file (168 362)
--00:00:00:00.494 39504-- /System/Library/Frameworks/CFNetwork.framework/Versions/A/CFNetwork (rx at 0x1059c1000, rw at 0x105c48000)
--00:00:00:00.494 39504--    reading syms   from primary file (2020 18531)
--00:00:00:00.517 39504-- /System/Library/Frameworks/Security.framework/Versions/A/Security (rx at 0x105e32000, rw at 0x1060b3000)
--00:00:00:00.517 39504--    reading syms   from primary file (2592 15934)
--00:00:00:00.536 39504-- /System/Library/Frameworks/SystemConfiguration.framework/Versions/A/SystemConfiguration (rx at 0x106222000, rw at 0x106281000)
--00:00:00:00.537 39504--    reading syms   from primary file (1001 855)
--00:00:00:00.541 39504-- /System/Library/PrivateFrameworks/MultitouchSupport.framework/Versions/A/MultitouchSupport (rx at 0x1062b9000, rw at 0x1062de000)
--00:00:00:00.541 39504--    reading syms   from primary file (542 76)
--00:00:00:00.545 39504-- /System/Library/Frameworks/Metal.framework/Versions/A/Metal (rx at 0x1062f1000, rw at 0x106334000)
--00:00:00:00.545 39504--    reading syms   from primary file (340 8337)
--00:00:00:00.550 39504-- /usr/lib/libsqlite3.dylib (rx at 0x1063b7000, rw at 0x1064d5000)
--00:00:00:00.551 39504--    reading syms   from primary file (223 1000)
--00:00:00:00.555 39504-- /usr/lib/libxml2.2.dylib (rx at 0x1064ef000, rw at 0x1065df000)
--00:00:00:00.555 39504--    reading syms   from primary file (1765 1190)
--00:00:00:00.561 39504-- /usr/lib/libxar.1.dylib (rx at 0x106616000, rw at 0x106625000)
--00:00:00:00.561 39504--    reading syms   from primary file (189 15)
--00:00:00:00.564 39504-- /usr/lib/libpam.2.dylib (rx at 0x10662e000, rw at 0x106633000)
--00:00:00:00.564 39504--    reading syms   from primary file (51 13)
--00:00:00:00.568 39504-- /usr/lib/libOpenScriptingUtil.dylib (rx at 0x106638000, rw at 0x106639000)
--00:00:00:00.568 39504--    reading syms   from primary file (1 1)
--00:00:00:00.571 39504-- /usr/lib/libbz2.1.0.dylib (rx at 0x10663d000, rw at 0x10664c000)
--00:00:00:00.571 39504--    reading syms   from primary file (38 1)
--00:00:00:00.575 39504-- /System/Library/Frameworks/CoreServices.framework/Versions/A/Frameworks/FSEvents.framework/Versions/A/FSEvents (rx at 0x106651000, rw at 0x10665a000)
--00:00:00:00.575 39504--    reading syms   from primary file (22 59)
--00:00:00:00.579 39504-- /System/Library/Frameworks/CoreServices.framework/Versions/A/Frameworks/CarbonCore.framework/Versions/A/CarbonCore (rx at 0x106661000, rw at 0x106947000)
--00:00:00:00.579 39504--    reading syms   from primary file (1889 3528)
--00:00:00:00.587 39504-- /System/Library/Frameworks/CoreServices.framework/Versions/A/Frameworks/Metadata.framework/Versions/A/Metadata (rx at 0x1069c1000, rw at 0x106a62000)
--00:00:00:00.587 39504--    reading syms   from primary file (1010 2260)
--00:00:00:00.592 39504-- /System/Library/Frameworks/CoreServices.framework/Versions/A/Frameworks/OSServices.framework/Versions/A/OSServices (rx at 0x106acd000, rw at 0x106b2b000)
--00:00:00:00.592 39504--    reading syms   from primary file (414 2347)
--00:00:00:00.601 39504-- /System/Library/Frameworks/CoreServices.framework/Versions/A/Frameworks/SearchKit.framework/Versions/A/SearchKit (rx at 0x106b74000, rw at 0x106be4000)
--00:00:00:00.601 39504--    reading syms   from primary file (324 3627)
--00:00:00:00.608 39504-- /System/Library/Frameworks/CoreServices.framework/Versions/A/Frameworks/AE.framework/Versions/A/AE (rx at 0x106c27000, rw at 0x106c7d000)
--00:00:00:00.608 39504--    reading syms   from primary file (173 1561)
--00:00:00:00.614 39504-- /System/Library/Frameworks/CoreServices.framework/Versions/A/Frameworks/LaunchServices.framework/Versions/A/LaunchServices (rx at 0x106cac000, rw at 0x106dd2000)
--00:00:00:00.614 39504--    reading syms   from primary file (819 6327)
--00:00:00:00.624 39504-- /System/Library/Frameworks/CoreServices.framework/Versions/A/Frameworks/DictionaryServices.framework/Versions/A/DictionaryServices (rx at 0x106e88000, rw at 0x106eb7000)
--00:00:00:00.624 39504--    reading syms   from primary file (114 1078)
--00:00:00:00.629 39504-- /System/Library/Frameworks/CoreServices.framework/Versions/A/Frameworks/SharedFileList.framework/Versions/A/SharedFileList (rx at 0x106edd000, rw at 0x106f23000)
--00:00:00:00.629 39504--    reading syms   from primary file (214 1707)
--00:00:00:00.635 39504-- /System/Library/Frameworks/DiskArbitration.framework/Versions/A/DiskArbitration (rx at 0x106f55000, rw at 0x106f5b000)
--00:00:00:00.635 39504--    reading syms   from primary file (89 108)
--00:00:00:00.639 39504-- /System/Library/Frameworks/NetFS.framework/Versions/A/NetFS (rx at 0x106f65000, rw at 0x106f6e000)
--00:00:00:00.639 39504--    reading syms   from primary file (51 42)
--00:00:00:00.643 39504-- /System/Library/PrivateFrameworks/NetAuth.framework/Versions/A/NetAuth (rx at 0x106f76000, rw at 0x106f81000)
--00:00:00:00.643 39504--    reading syms   from primary file (135 223)
--00:00:00:00.648 39504-- /System/Library/PrivateFrameworks/login.framework/Versions/A/Frameworks/loginsupport.framework/Versions/A/loginsupport (rx at 0x106f8c000, rw at 0x106f8f000)
--00:00:00:00.648 39504--    reading syms   from primary file (13 31)
--00:00:00:00.653 39504-- /System/Library/PrivateFrameworks/TCC.framework/Versions/A/TCC (rx at 0x106f94000, rw at 0x106f9a000)
--00:00:00:00.653 39504--    reading syms   from primary file (44 139)
--00:00:00:00.657 39504-- /usr/lib/libmecabra.dylib (rx at 0x106fa2000, rw at 0x107239000)
--00:00:00:00.657 39504--    reading syms   from primary file (154 1)
--00:00:00:00.661 39504-- /System/Library/PrivateFrameworks/LanguageModeling.framework/Versions/A/LanguageModeling (rx at 0x107293000, rw at 0x10733b000)
--00:00:00:00.661 39504--    reading syms   from primary file (168 1)
--00:00:00:00.666 39504-- /usr/lib/libmarisa.dylib (rx at 0x107354000, rw at 0x10736c000)
--00:00:00:00.666 39504--    reading syms   from primary file (152 243)
--00:00:00:00.671 39504-- /usr/lib/libChineseTokenizer.dylib (rx at 0x107378000, rw at 0x107384000)
--00:00:00:00.671 39504--    reading syms   from primary file (11 317)
--00:00:00:00.675 39504-- /usr/lib/libcmph.dylib (rx at 0x107392000, rw at 0x1073a4000)
--00:00:00:00.675 39504--    reading syms   from primary file (263 34)
--00:00:00:00.680 39504-- /System/Library/Frameworks/CoreData.framework/Versions/A/CoreData (rx at 0x1073ac000, rw at 0x107653000)
--00:00:00:00.680 39504--    reading syms   from primary file (184 10442)
--00:00:00:00.694 39504-- /usr/lib/libCRFSuite.dylib (rx at 0x10779f000, rw at 0x1077bb000)
--00:00:00:00.694 39504--    reading syms   from primary file (106 399)
--00:00:00:00.698 39504-- /usr/lib/libextension.dylib (rx at 0x1077c5000, rw at 0x1077e2000)
--00:00:00:00.698 39504--    reading syms   from primary file (37 1032)
--00:00:00:00.704 39504-- /usr/lib/libarchive.2.dylib (rx at 0x107800000, rw at 0x10782c000)
--00:00:00:00.704 39504--    reading syms   from primary file (269 1)
--00:00:00:00.709 39504-- /usr/lib/liblangid.dylib (rx at 0x107836000, rw at 0x107838000)
--00:00:00:00.709 39504--    reading syms   from primary file (20 1)
--00:00:00:00.714 39504-- /usr/lib/liblzma.5.dylib (rx at 0x10783c000, rw at 0x107857000)
--00:00:00:00.714 39504--    reading syms   from primary file (187 98)
--00:00:00:00.719 39504-- /usr/lib/libcompression.dylib (rx at 0x10785f000, rw at 0x107879000)
--00:00:00:00.719 39504--    reading syms   from primary file (13 198)
--00:00:00:00.724 39504-- /System/Library/Frameworks/OpenDirectory.framework/Versions/A/Frameworks/CFOpenDirectory.framework/Versions/A/CFOpenDirectory (rx at 0x107880000, rw at 0x10789a000)
--00:00:00:00.724 39504--    reading syms   from primary file (512 642)
--00:00:00:00.729 39504-- /System/Library/Frameworks/ServiceManagement.framework/Versions/A/ServiceManagement (rx at 0x1078bb000, rw at 0x1078be000)
--00:00:00:00.729 39504--    reading syms   from primary file (17 39)
--00:00:00:00.735 39504-- /usr/lib/libxslt.1.dylib (rx at 0x1078c4000, rw at 0x1078ee000)
--00:00:00:00.735 39504--    reading syms   from primary file (248 112)
--00:00:00:00.740 39504-- /System/Library/Frameworks/Accelerate.framework/Versions/A/Frameworks/vImage.framework/Versions/A/vImage (rx at 0x1078fb000, rw at 0x107dba000)
--00:00:00:00.740 39504--    reading syms   from primary file (506 4555)
--00:00:00:00.753 39504-- /System/Library/Frameworks/Accelerate.framework/Versions/A/Frameworks/vecLib.framework/Versions/A/libvDSP.dylib (rx at 0x107e1b000, rw at 0x107f2e000)
--00:00:00:00.753 39504--    reading syms   from primary file (456 2)
--00:00:00:00.758 39504-- /System/Library/Frameworks/Accelerate.framework/Versions/A/Frameworks/vecLib.framework/Versions/A/libvMisc.dylib (rx at 0x107f3a000, rw at 0x107ff4000)
--00:00:00:00.758 39504--    reading syms   from primary file (594 1)
--00:00:00:00.764 39504-- /System/Library/Frameworks/Accelerate.framework/Versions/A/Frameworks/vecLib.framework/Versions/A/libLAPACK.dylib (rx at 0x108000000, rw at 0x108403000)
--00:00:00:00.764 39504--    reading syms   from primary file (5890 2944)
--00:00:00:00.776 39504-- /System/Library/Frameworks/Accelerate.framework/Versions/A/Frameworks/vecLib.framework/Versions/A/libBLAS.dylib (rx at 0x108460000, rw at 0x108621000)
--00:00:00:00.776 39504--    reading syms   from primary file (802 1887)
--00:00:00:00.784 39504-- /System/Library/Frameworks/Accelerate.framework/Versions/A/Frameworks/vecLib.framework/Versions/A/libLinearAlgebra.dylib (rx at 0x108643000, rw at 0x10865a000)
--00:00:00:00.784 39504--    reading syms   from primary file (42 158)
--00:00:00:00.789 39504-- /System/Library/Frameworks/Accelerate.framework/Versions/A/Frameworks/vecLib.framework/Versions/A/libSparseBLAS.dylib (rx at 0x108662000, rw at 0x108673000)
--00:00:00:00.790 39504--    reading syms   from primary file (67 97)
--00:00:00:00.799 39504-- /System/Library/Frameworks/OpenGL.framework/Versions/A/Libraries/libCoreFSCache.dylib (rx at 0x10867e000, rw at 0x108682000)
--00:00:00:00.799 39504--    reading syms   from primary file (14 21)
--00:00:00:00.805 39504-- /System/Library/PrivateFrameworks/IOAccelerator.framework/Versions/A/IOAccelerator (rx at 0x108687000, rw at 0x10868e000)
--00:00:00:00.805 39504--    reading syms   from primary file (170 66)
--00:00:00:00.811 39504-- /System/Library/Frameworks/ApplicationServices.framework/Versions/A/Frameworks/ATS.framework/Versions/A/Resources/libFontParser.dylib (rx at 0x108698000, rw at 0x108795000)
--00:00:00:00.811 39504--    reading syms   from primary file (479 3638)
--00:00:00:00.820 39504-- /System/Library/Frameworks/ApplicationServices.framework/Versions/A/Frameworks/ATS.framework/Versions/A/Resources/libFontRegistry.dylib (rx at 0x108817000, rw at 0x10885d000)
--00:00:00:00.820 39504--    reading syms   from primary file (145 1246)
--00:00:00:00.827 39504-- /System/Library/PrivateFrameworks/AppleVPA.framework/Versions/A/AppleVPA (rx at 0x108883000, rw at 0x1088a1000)
--00:00:00:00.827 39504--    reading syms   from primary file (13 1)
--00:00:00:00.832 39504-- /System/Library/PrivateFrameworks/AppleJPEG.framework/Versions/A/AppleJPEG (rx at 0x1088aa000, rw at 0x108938000)
--00:00:00:00.832 39504--    reading syms   from primary file (115 526)
--00:00:00:00.838 39504-- /System/Library/Frameworks/ImageIO.framework/Versions/A/Resources/libJPEG.dylib (rx at 0x108997000, rw at 0x1089bc000)
--00:00:00:00.838 39504--    reading syms   from primary file (105 245)
--00:00:00:00.844 39504-- /System/Library/Frameworks/ImageIO.framework/Versions/A/Resources/libTIFF.dylib (rx at 0x1089c4000, rw at 0x108a20000)
--00:00:00:00.844 39504--    reading syms   from primary file (29 689)
--00:00:00:00.849 39504-- /System/Library/Frameworks/ImageIO.framework/Versions/A/Resources/libPng.dylib (rx at 0x108a2f000, rw at 0x108a55000)
--00:00:00:00.849 39504--    reading syms   from primary file (83 458)
--00:00:00:00.855 39504-- /System/Library/Frameworks/ImageIO.framework/Versions/A/Resources/libGIF.dylib (rx at 0x108a5f000, rw at 0x108a64000)
--00:00:00:00.855 39504--    reading syms   from primary file (35 31)
--00:00:00:00.860 39504-- /System/Library/Frameworks/ImageIO.framework/Versions/A/Resources/libJP2.dylib (rx at 0x108a69000, rw at 0x108b5c000)
--00:00:00:00.860 39504--    reading syms   from primary file (16 2423)
--00:00:00:00.868 39504-- /System/Library/Frameworks/ImageIO.framework/Versions/A/Resources/libRadiance.dylib (rx at 0x108b85000, rw at 0x108b88000)
--00:00:00:00.868 39504--    reading syms   from primary file (4 13)
--00:00:00:00.874 39504-- /System/Library/Frameworks/OpenGL.framework/Versions/A/Libraries/libGLU.dylib (rx at 0x108b8c000, rw at 0x108bce000)
--00:00:00:00.874 39504--    reading syms   from primary file (78 717)
--00:00:00:00.880 39504-- /System/Library/Frameworks/OpenGL.framework/Versions/A/Libraries/libGFXShared.dylib (rx at 0x108bdd000, rw at 0x108be6000)
--00:00:00:00.880 39504--    reading syms   from primary file (79 38)
--00:00:00:00.891 39504-- /System/Library/Frameworks/OpenGL.framework/Versions/A/Libraries/libGLImage.dylib (rx at 0x108c0d000, rw at 0x108c4c000)
--00:00:00:00.891 39504--    reading syms   from primary file (22 153)
--00:00:00:00.897 39504-- /System/Library/Frameworks/OpenGL.framework/Versions/A/Libraries/libCVMSPluginSupport.dylib (rx at 0x108c54000, rw at 0x108c57000)
--00:00:00:00.897 39504--    reading syms   from primary file (33 31)
--00:00:00:00.902 39504-- /System/Library/Frameworks/OpenGL.framework/Versions/A/Libraries/libCoreVMClient.dylib (rx at 0x108c5c000, rw at 0x108c60000)
--00:00:00:00.902 39504--    reading syms   from primary file (36 31)
--00:00:00:00.910 39504-- /usr/lib/libcups.2.dylib (rx at 0x108c66000, rw at 0x108cb7000)
--00:00:00:00.910 39504--    reading syms   from primary file (558 1)
--00:00:00:00.916 39504-- /System/Library/Frameworks/Kerberos.framework/Versions/A/Kerberos (rx at 0x108cce000, rw at 0x108ce9000)
--00:00:00:00.916 39504--    reading syms   from primary file (785 503)
--00:00:00:00.922 39504-- /System/Library/Frameworks/GSS.framework/Versions/A/GSS (rx at 0x108d01000, rw at 0x108d33000)
--00:00:00:00.922 39504--    reading syms   from primary file (269 805)
--00:00:00:00.928 39504-- /usr/lib/libresolv.9.dylib (rx at 0x108d53000, rw at 0x108d70000)
--00:00:00:00.928 39504--    reading syms   from primary file (200 96)
--00:00:00:00.934 39504-- /System/Library/PrivateFrameworks/Heimdal.framework/Versions/A/Heimdal (rx at 0x108d7a000, rw at 0x108def000)
--00:00:00:00.934 39504--    reading syms   from primary file (1237 1)
--00:00:00:00.941 39504-- /usr/lib/libheimdal-asn1.dylib (rx at 0x108e1e000, rw at 0x108e24000)
--00:00:00:00.941 39504--    reading syms   from primary file (143 16)
--00:00:00:00.948 39504-- /System/Library/Frameworks/OpenDirectory.framework/Versions/A/OpenDirectory (rx at 0x108e2a000, rw at 0x108e37000)
--00:00:00:00.948 39504--    reading syms   from primary file (29 489)
--00:00:00:00.956 39504-- /System/Library/PrivateFrameworks/CommonAuth.framework/Versions/A/CommonAuth (rx at 0x108e4b000, rw at 0x108e55000)
--00:00:00:00.956 39504--    reading syms   from primary file (76 126)
--00:00:00:00.962 39504-- /System/Library/Frameworks/SecurityFoundation.framework/Versions/A/SecurityFoundation (rx at 0x108e5c000, rw at 0x108ed1000)
--00:00:00:00.962 39504--    reading syms   from primary file (87 1768)
--00:00:00:00.970 39504-- /System/Library/PrivateFrameworks/RemoteViewServices.framework/Versions/A/RemoteViewServices (rx at 0x108f10000, rw at 0x108f49000)
--00:00:00:00.970 39504--    reading syms   from primary file (334 1310)
--00:00:00:00.977 39504-- /System/Library/PrivateFrameworks/UIFoundation.framework/Versions/A/UIFoundation (rx at 0x108f82000, rw at 0x109101000)
--00:00:00:00.977 39504--    reading syms   from primary file (958 4949)
--00:00:00:00.987 39504-- /usr/lib/libScreenReader.dylib (rx at 0x1091c3000, rw at 0x1091c7000)
--00:00:00:00.987 39504--    reading syms   from primary file (22 31)
--00:00:00:00.994 39504-- /System/Library/PrivateFrameworks/DataDetectorsCore.framework/Versions/A/DataDetectorsCore (rx at 0x1091ce000, rw at 0x10923e000)
--00:00:00:00.994 39504--    reading syms   from primary file (342 1860)
--00:00:00:01.001 39504-- /System/Library/PrivateFrameworks/DesktopServicesPriv.framework/Versions/A/DesktopServicesPriv (rx at 0x109283000, rw at 0x109392000)
--00:00:00:01.001 39504--    reading syms   from primary file (482 6159)
--00:00:00:01.018 39504-- /System/Library/Frameworks/Carbon.framework/Versions/A/Frameworks/HIToolbox.framework/Versions/A/HIToolbox (rx at 0x10941b000, rw at 0x109711000)
--00:00:00:01.018 39504--    reading syms   from primary file (1165 16212)
--00:00:00:01.040 39504-- /System/Library/Frameworks/QuartzCore.framework/Versions/A/QuartzCore (rx at 0x10988f000, rw at 0x109a5e000)
--00:00:00:01.040 39504--    reading syms   from primary file (1082 9031)
--00:00:00:01.057 39504-- /System/Library/Frameworks/Carbon.framework/Versions/A/Frameworks/SpeechRecognition.framework/Versions/A/SpeechRecognition (rx at 0x109b48000, rw at 0x109b4f000)
--00:00:00:01.057 39504--    reading syms   from primary file (95 98)
--00:00:00:01.064 39504-- /System/Library/PrivateFrameworks/CoreUI.framework/Versions/A/CoreUI (rx at 0x109b58000, rw at 0x109ca3000)
--00:00:00:01.064 39504--    reading syms   from primary file (1214 5616)
--00:00:00:01.075 39504-- /System/Library/PrivateFrameworks/PerformanceAnalysis.framework/Versions/A/PerformanceAnalysis (rx at 0x109de1000, rw at 0x109e6b000)
--00:00:00:01.075 39504--    reading syms   from primary file (724 3071)
--00:00:00:01.083 39504-- /System/Library/PrivateFrameworks/GenerationalStorage.framework/Versions/A/GenerationalStorage (rx at 0x109eef000, rw at 0x109f0c000)
--00:00:00:01.083 39504--    reading syms   from primary file (111 495)
--00:00:00:01.089 39504-- /System/Library/PrivateFrameworks/Sharing.framework/Versions/A/Sharing (rx at 0x109f23000, rw at 0x109f45000)
--00:00:00:01.089 39504--    reading syms   from primary file (364 1057)
--00:00:00:01.096 39504-- /System/Library/Frameworks/CoreImage.framework/Versions/A/CoreImage (rx at 0x109f70000, rw at 0x10a17e000)
--00:00:00:01.096 39504--    reading syms   from primary file (391 9986)
--00:00:00:01.109 39504-- /System/Library/PrivateFrameworks/Backup.framework/Versions/A/Backup (rx at 0x10a2d5000, rw at 0x10a386000)
--00:00:00:01.109 39504--    reading syms   from primary file (113 6082)
--00:00:00:01.122 39504-- /System/Library/Frameworks/Carbon.framework/Versions/A/Frameworks/Ink.framework/Versions/A/Ink (rx at 0x10a41d000, rw at 0x10a4b3000)
--00:00:00:01.122 39504--    reading syms   from primary file (372 1686)
--00:00:00:01.131 39504-- /usr/lib/libFosl_dynamic.dylib (rx at 0x10a4e6000, rw at 0x10a6f2000)
--00:00:00:01.131 39504--    reading syms   from primary file (69 25316)
--00:00:00:01.146 39504-- /System/Library/PrivateFrameworks/FaceCore.framework/Versions/A/FaceCore (rx at 0x10a898000, rw at 0x10acc7000)
--00:00:00:01.146 39504--    reading syms   from primary file (53 1)
--00:00:00:01.152 39504-- /System/Library/Frameworks/OpenCL.framework/Versions/A/OpenCL (rx at 0x10aedf000, rw at 0x10af2f000)
--00:00:00:01.152 39504--    reading syms   from primary file (159 7)
--00:00:00:01.158 39504-- /System/Library/PrivateFrameworks/CrashReporterSupport.framework/Versions/A/CrashReporterSupport (rx at 0x10af47000, rw at 0x10af53000)
--00:00:00:01.158 39504--    reading syms   from primary file (174 112)
--00:00:00:01.165 39504-- /System/Library/PrivateFrameworks/IconServices.framework/Versions/A/IconServices (rx at 0x10af62000, rw at 0x10af85000)
--00:00:00:01.165 39504--    reading syms   from primary file (33 1102)
--00:00:00:01.172 39504-- /System/Library/PrivateFrameworks/Apple80211.framework/Versions/A/Apple80211 (rx at 0x10afa8000, rw at 0x10afc8000)
--00:00:00:01.172 39504--    reading syms   from primary file (41 122)
--00:00:00:01.178 39504-- /System/Library/Frameworks/CoreWLAN.framework/Versions/A/CoreWLAN (rx at 0x10afd4000, rw at 0x10b03f000)
--00:00:00:01.178 39504--    reading syms   from primary file (313 2166)
--00:00:00:01.186 39504-- /System/Library/Frameworks/IOBluetooth.framework/Versions/A/IOBluetooth (rx at 0x10b088000, rw at 0x10b12d000)
--00:00:00:01.186 39504--    reading syms   from primary file (1160 2755)
--00:00:00:01.196 39504-- /System/Library/PrivateFrameworks/CoreWiFi.framework/Versions/A/CoreWiFi (rx at 0x10b1ae000, rw at 0x10b216000)
--00:00:00:01.196 39504--    reading syms   from primary file (1485 1583)
--00:00:00:01.204 39504-- /System/Library/Frameworks/CoreBluetooth.framework/Versions/A/CoreBluetooth (rx at 0x10b277000, rw at 0x10b28b000)
--00:00:00:01.204 39504--    reading syms   from primary file (149 416)
--00:00:00:01.211 39504-- /System/Library/PrivateFrameworks/ChunkingLibrary.framework/Versions/A/ChunkingLibrary (rx at 0x10b2a0000, rw at 0x10b2c8000)
--00:00:00:01.211 39504--    reading syms   from primary file (93 275)
--00:00:00:01.218 39504-- /System/Library/PrivateFrameworks/DebugSymbols.framework/Versions/A/DebugSymbols (rx at 0x10b2d5000, rw at 0x10b310000)
--00:00:00:01.218 39504--    reading syms   from primary file (41 964)
--00:00:00:01.225 39504-- /System/Library/PrivateFrameworks/CoreSymbolication.framework/Versions/A/CoreSymbolication (rx at 0x10b32e000, rw at 0x10b3b7000)
--00:00:00:01.225 39504--    reading syms   from primary file (278 1)
--00:00:00:01.232 39504-- /System/Library/PrivateFrameworks/Symbolication.framework/Versions/A/Symbolication (rx at 0x10b3cc000, rw at 0x10b41d000)
--00:00:00:01.232 39504--    reading syms   from primary file (179 1570)
--00:00:00:01.241 39504-- /System/Library/PrivateFrameworks/SpeechRecognitionCore.framework/Versions/A/SpeechRecognitionCore (rx at 0x10b455000, rw at 0x10b462000)
--00:00:00:01.241 39504--    reading syms   from primary file (27 415)
--00:00:00:01.248 39504-- /System/Library/Frameworks/Carbon.framework/Versions/A/Frameworks/CommonPanels.framework/Versions/A/CommonPanels (rx at 0x10b471000, rw at 0x10b476000)
--00:00:00:01.248 39504--    reading syms   from primary file (69 26)
--00:00:00:01.254 39504-- /System/Library/Frameworks/Carbon.framework/Versions/A/Frameworks/Help.framework/Versions/A/Help (rx at 0x10b47d000, rw at 0x10b481000)
--00:00:00:01.254 39504--    reading syms   from primary file (31 10)
--00:00:00:01.261 39504-- /System/Library/Frameworks/Carbon.framework/Versions/A/Frameworks/ImageCapture.framework/Versions/A/ImageCapture (rx at 0x10b487000, rw at 0x10b48d000)
--00:00:00:01.261 39504--    reading syms   from primary file (273 178)
--00:00:00:01.267 39504-- /System/Library/Frameworks/Carbon.framework/Versions/A/Frameworks/OpenScripting.framework/Versions/A/OpenScripting (rx at 0x10b49c000, rw at 0x10b4b6000)
--00:00:00:01.267 39504--    reading syms   from primary file (118 390)
--00:00:00:01.275 39504-- /System/Library/Frameworks/Carbon.framework/Versions/A/Frameworks/Print.framework/Versions/A/Print (rx at 0x10b4ca000, rw at 0x10b4cc000)
--00:00:00:01.276 39504--    reading syms   from primary file (13 26)
--00:00:00:01.283 39504-- /System/Library/Frameworks/Carbon.framework/Versions/A/Frameworks/SecurityHI.framework/Versions/A/SecurityHI (rx at 0x10b4d1000, rw at 0x10b4d4000)
--00:00:00:01.283 39504--    reading syms   from primary file (45 31)
--00:00:00:01.291 39504-- /opt/X11/lib/libfreetype.6.dylib (rx at 0x10b4d9000, rw at 0x10b551000)
--00:00:00:01.291 39504--    reading syms   from primary file (347 988)
==00:00:00:38.570 39504== 
==00:00:00:38.570 39504== FILE DESCRIPTORS: 4 open at exit.
==00:00:00:38.570 39504== Open file descriptor 3: /Users/snnambia/Documents/Personal/Projects/SDL/verlet-magic/39504.log
==00:00:00:38.570 39504==    <inherited from parent>
==00:00:00:38.570 39504== 
==00:00:00:38.570 39504== Open file descriptor 2: /dev/ttys001
==00:00:00:38.570 39504==    <inherited from parent>
==00:00:00:38.570 39504== 
==00:00:00:38.570 39504== Open file descriptor 1: /dev/ttys001
==00:00:00:38.570 39504==    <inherited from parent>
==00:00:00:38.570 39504== 
==00:00:00:38.570 39504== Open file descriptor 0: /dev/ttys001
==00:00:00:38.570 39504==    <inherited from parent>
==00:00:00:38.570 39504== 
==00:00:00:38.570 39504== 
==00:00:00:38.572 39504== I   refs:      2,712,704,769
==00:00:00:38.572 39504== I1  misses:           15,496
==00:00:00:38.572 39504== LLi misses:            6,561
==00:00:00:38.572 39504== I1  miss rate:          0.00%
==00:00:00:38.572 39504== LLi miss rate:          0.00%
==00:00:00:38.572 39504== 
==00:00:00:38.572 39504== D   refs:      2,113,782,448  (1,304,089,394 rd   + 809,693,054 wr)
==00:00:00:38.572 39504== D1  misses:          906,840  (      856,077 rd   +      50,763 wr)
==00:00:00:38.572 39504== LLd misses:          355,579  (      315,588 rd   +      39,991 wr)
==00:00:00:38.572 39504== D1  miss rate:           0.0% (          0.1%     +         0.0%  )
==00:00:00:38.572 39504== LLd miss rate:           0.0% (          0.0%     +         0.0%  )
==00:00:00:38.572 39504== 
==00:00:00:38.572 39504== LL refs:             922,336  (      871,573 rd   +      50,763 wr)
==00:00:00:38.572 39504== LL misses:           362,140  (      322,149 rd   +      39,991 wr)
==00:00:00:38.572 39504== LL miss rate:            0.0% (          0.0%     +         0.0%  )
