--------------------------------------------------------------------------------
Profile data file 'callgrind/callgrind.out.37883' (creator: callgrind-3.11.0)
--------------------------------------------------------------------------------
I1 cache: 
D1 cache: 
LL cache: 
Timerange: Basic block 0 - 381825761
Trigger: Program termination
Profiled target:  bin/verlet-magic (PID 37883, part 1)
Events recorded:  Ir
Events shown:     Ir
Event sort order: Ir
Thresholds:       99
Include dirs:     
User annotated:   
Auto-annotation:  off

--------------------------------------------------------------------------------
           Ir 
--------------------------------------------------------------------------------
2,990,783,362  PROGRAM TOTALS

--------------------------------------------------------------------------------
         Ir  file:function
--------------------------------------------------------------------------------
325,520,013  ???:math::Vector2d<float>::Set(float, float) [bin/verlet-magic]
320,000,000  include/constraints.hpp:physics::DistanceConstraint<float>::Relax(float) [bin/verlet-magic]
285,740,000  include/verlet.hpp:physics::Verlet<float>::Update(float) [bin/verlet-magic]
243,080,000  /Library/Developer/CommandLineTools/usr/bin/../include/c++/v1/iterator:physics::Verlet<float>::Update(float)
204,480,600  ???:math::Vector2d<float> math::operator-<float>(math::Vector2d<float> const&, math::Vector2d<float> const&) [bin/verlet-magic]
171,760,000  ???:math::Vector2d<float>::operator+=(math::Vector2d<float> const&) [bin/verlet-magic]
161,281,248  ???:math::Vector2d<float>::Vector2d(float, float)'2 [bin/verlet-magic]
152,000,000  ???:math::Vector2d<float>::operator-=(math::Vector2d<float> const&) [bin/verlet-magic]
144,000,450  ???:float math::EuclideanLengthSquare<float>(math::Vector2d<float> const&) [bin/verlet-magic]
136,000,000  ???:math::Vector2d<float>::operator*=(float const&) [bin/verlet-magic]
131,041,014  ???:math::Vector2d<float>::Vector2d(float, float) [bin/verlet-magic]
 99,600,000  /Library/Developer/CommandLineTools/usr/bin/../include/c++/v1/vector:physics::Verlet<float>::Update(float)
 98,800,021  ???:__dynamic_cast [/usr/lib/libc++abi.dylib]
 89,480,897  ???:math::Vector2d<float> math::operator*<float>(math::Vector2d<float> const&, float const&)'2 [bin/verlet-magic]
 56,040,000  src/simulation.cpp:Simulation::Draw()
 38,054,554  ???:ImageLoaderMachOCompressed::trieWalk(unsigned char const*, unsigned char const*, char const*) [/usr/lib/dyld]
 31,320,000  ???:__cxxabiv1::__si_class_type_info::search_above_dst(__cxxabiv1::__dynamic_cast_info*, void const*, void const*, int, bool) const [/usr/lib/libc++abi.dylib]
 27,000,000  ???:__cxxabiv1::__class_type_info::search_above_dst(__cxxabiv1::__dynamic_cast_info*, void const*, void const*, int, bool) const [/usr/lib/libc++abi.dylib]
 23,887,675  ???:_mapStrHash(_NXMapTable*, void const*) [/usr/lib/libobjc.A.dylib]
 19,761,520  ???:math::Vector2d<float>::Vector2d(math::Vector2d<float> const&)'2 [bin/verlet-magic]
 18,320,000  /Library/Developer/CommandLineTools/usr/bin/../include/c++/v1/iterator:Simulation::Draw()
 17,500,000  ???:__cxxabiv1::__si_class_type_info::search_below_dst(__cxxabiv1::__dynamic_cast_info*, void const*, int, bool) const [/usr/lib/libc++abi.dylib]
 17,400,375  ???:math::Vector2d<float>::operator=(math::Vector2d<float> const&) [bin/verlet-magic]
 17,280,000  ???:__cxxabiv1::__class_type_info::process_static_type_above_dst(__cxxabiv1::__dynamic_cast_info*, void const*, void const*, int) const [/usr/lib/libc++abi.dylib]
 15,864,832  ???:ImageLoaderMachOCompressed::rebase(ImageLoader::LinkContext const&) [/usr/lib/dyld]
 15,120,098  ???:math::Vector2d<float> math::operator*<float>(math::Vector2d<float> const&, float const&) [bin/verlet-magic]
 13,000,000  ???:__cxxabiv1::__class_type_info::search_below_dst(__cxxabiv1::__dynamic_cast_info*, void const*, int, bool) const [/usr/lib/libc++abi.dylib]
 11,440,880  ???:math::Vector2d<float>::Vector2d(math::Vector2d<float> const&) [bin/verlet-magic]
 11,440,000  src/simulation.cpp:Simulation::ScaleFromWorldToRenderer(math::Vector2d<float>) const [bin/verlet-magic]
  9,600,000  include/constraints.hpp:physics::PinConstraint<float>::Relax(float) [bin/verlet-magic]
  6,400,000  /Library/Developer/CommandLineTools/usr/bin/../include/c++/v1/vector:Simulation::Draw()
  5,941,202  ???:ImageLoaderMachOCompressed::eachBind(ImageLoader::LinkContext const&, unsigned long (ImageLoaderMachOCompressed::*)(ImageLoader::LinkContext const&, unsigned long, unsigned char, char const*, unsigned char, long, long, char const*, ImageLoaderMachOCompressed::LastLookup*, bool)) [/usr/lib/dyld]
  4,656,649  ???:NXMapInsert [/usr/lib/libobjc.A.dylib]
  4,493,712  ???:_mapStrIsEqual(_NXMapTable*, void const*, void const*) [/usr/lib/libobjc.A.dylib]
  4,457,200  ???:ImageLoaderMachO::findExportedSymbol(char const*, bool, ImageLoader const**) const'2 [/usr/lib/dyld]
  4,337,324  ???:ImageLoaderMachOCompressed::bindAt(ImageLoader::LinkContext const&, unsigned long, unsigned char, char const*, unsigned char, long, long, char const*, ImageLoaderMachOCompressed::LastLookup*, bool) [/usr/lib/dyld]
  4,301,598  ???:_NXMapMember(_NXMapTable*, void const*, void**) [/usr/lib/libobjc.A.dylib]
  4,160,000  ???:Simulation::ScaleFromWorldToRenderer(math::Vector2d<float>) const
  4,067,542  ???:ImageLoaderMachOCompressed::resolve(ImageLoader::LinkContext const&, char const*, unsigned char, long, ImageLoader const**, ImageLoaderMachOCompressed::LastLookup*, bool) [/usr/lib/dyld]
  3,660,168  ???:ImageLoaderMachO::bindLocation(ImageLoader::LinkContext const&, unsigned long, unsigned long, ImageLoader const*, unsigned char, char const*, long, char const*) [/usr/lib/dyld]
  2,903,768  ???:__sel_registerName(char const*, int, int) [/usr/lib/libobjc.A.dylib]
  2,781,580  ???:_platform_strcmp [/usr/lib/system/libsystem_platform.dylib]
  2,776,589  ???:NXMapInsert'2 [/usr/lib/libobjc.A.dylib]
  2,726,469  ???:ImageLoaderMachOCompressed::libReExported(unsigned int) const [/usr/lib/dyld]

